<?xml version="1.0" encoding="utf-8"?>
<shfbBuild product="Sandcastle Help File Builder and Tools" version="2020.3.6.0" projectFile="D:\dot\zad3.shfbproj" started="22.03.2020 16:42:09">
<buildStep step="Initializing">
Finding tools...
The Sandcastle tools are located in &#39;D:\Program Files (x86)\EWSoftware\Sandcastle Help File Builder\&#39;
Locating components in the following folder(s):
    D:\dot
    C:\ProgramData\EWSoftware\Sandcastle Help File Builder\Components and Plug-Ins\
    D:\Program Files (x86)\EWSoftware\Sandcastle Help File Builder\
Using framework reflection data for &#39;.NET Framework 4.7.2&#39; located in &#39;D:\Program Files (x86)\EWSoftware\Sandcastle Help File Builder\Data\.NETFramework&#39;
Using presentation style &#39;VS2013&#39; located in &#39;D:\Program Files (x86)\EWSoftware\Sandcastle Help File Builder\PresentationStyles\VS2013&#39;
Loading and initializing plug-ins...
Lightweight Website Style Version 2020.3.6.0
Copyright &#169; 2006-2020, Eric Woodruff, All Rights Reserved
Portions Copyright &#169; 2014, Sam Harwell, All Rights Reserved
</buildStep>
<buildStep step="ClearWorkFolder">
Clearing working folder...
-------------------------------
Clearing any prior web/markdown output...
</buildStep>
<buildStep step="ValidatingDocumentationSources">
Validating and copying documentation source information
Source: D:\Users\Demon\source\repos\DotNet_1\DotNet_1\bin\Debug\netcoreapp3.1\DotNet_1.dll
    Found assembly &#39;D:\Users\Demon\source\repos\DotNet_1\DotNet_1\bin\Debug\netcoreapp3.1\DotNet_1.dll&#39;
Source: D:\Users\Demon\source\repos\DotNet_1\DotNet_1\bin\Debug\netcoreapp3.1\DotNet_1.xml
Source: D:\Users\Demon\source\repos\DotNet_1\DotNet_1\bin\Debug\netcoreapp3.1\DotNet_1.exe
    Found assembly &#39;D:\Users\Demon\source\repos\DotNet_1\DotNet_1\bin\Debug\netcoreapp3.1\DotNet_1.exe&#39;

Copying XML comments files
    D:\Users\Demon\source\repos\DotNet_1\DotNet_1\bin\Debug\netcoreapp3.1\DotNet_1.xml -&gt; D:\dot\Help\Working\DotNet_1.xml
</buildStep>
<buildStep step="GenerateSharedContent">
Generating shared content files (en-US, English (United States))...
<plugIn name="Lightweight Website Style" behavior="After" priority="1000">
</plugIn>    Last step completed in 00:00:00,0100
</buildStep>
<buildStep step="GenerateApiFilter">
Generating API filter for MRefBuilder...
    Last step completed in 00:00:00,0023
</buildStep>
<buildStep step="GenerateReflectionInfo">
Generating reflection information...
[C:\Program Files (x86)\Microsoft Visual Studio\2019\Community\MSBuild\Current\Bin\MSBuild.exe - GenerateRefInfo.proj]
Kompilacja rozpocz&#169;a si&#169; 22.03.2020 16:42:11.
Projekt &quot;D:\dot\Help\Working\GenerateRefInfo.proj&quot; w w&#169;&#171;le 1 (domylne elementy docelowe).
PrepareForBuild:
  Tworzenie katalogu &quot;obj\Debug\&quot;.
GenerateBindingRedirects:
  Brak sugerowanych przekierowa&#228; powiĄza&#228; z ResolveAssemblyReferences.
GenerateRefInfo:
  MRefBuilder (v2020.3.6.0)
  Copyright c 2006-2020, Microsoft Corporation, All Rights Reserved.
  Portions Copyright c 2006-2020, Eric Woodruff, All Rights Reserved.
  No source code context base path specified.  Source context information is unavailable.
  Loaded 1 assemblies for reflection and 1 dependency assemblies.
MRefBuilder : warning : Ignoring unresolved assembly reference: System.Collections (System.Collections, Version=4.1.2.0, Culture=neutral, PublicKeyToken=b03f5f7f11d50a3a) required by DotNet_1 [D:\dot\Help\Working\GenerateRefInfo.proj]
  Wrote information on 1 namespaces, 3 types, and 14 members
  Kopiowanie pliku z &quot;D:\dot\Help\Working\reflection.org&quot; do &quot;D:\dot\Help\Working\reflection.all&quot;.
  XslTransform (v2020.3.6.0)
  Copyright c 2006-2020, Microsoft Corporation, All Rights Reserved.
  Portions Copyright c 2006-2020, Eric Woodruff, All Rights Reserved.
  Applying XSL transformation &#39;D:\Program Files (x86)\EWSoftware\Sandcastle Help File Builder\ProductionTransforms\MergeDuplicates.xsl&#39;.
Kompilowanie projektu &quot;D:\dot\Help\Working\GenerateRefInfo.proj&quot; wykonane (domylne elementy docelowe).
    Last step completed in 00:00:01,1277
</buildStep>
<buildStep step="TransformReflectionInfo">
Transforming reflection output...
[C:\Program Files (x86)\Microsoft Visual Studio\2019\Community\MSBuild\Current\Bin\MSBuild.exe - TransformManifest.proj]
Kompilacja rozpocz&#169;a si&#169; 22.03.2020 16:42:12.
Projekt &quot;D:\dot\Help\Working\TransformManifest.proj&quot; w w&#169;&#171;le 1 (domylne elementy docelowe).
TransformManifest:
  XslTransform (v2020.3.6.0)
  Copyright c 2006-2020, Microsoft Corporation, All Rights Reserved.
  Portions Copyright c 2006-2020, Eric Woodruff, All Rights Reserved.
  Applying XSL transformation &#39;D:\Program Files (x86)\EWSoftware\Sandcastle Help File Builder\\ProductionTransforms\ApplyVSDocModel.xsl&#39;.
  Kopiowanie pliku z &quot;D:\dot\Help\Working\reflection.xml&quot; do &quot;D:\dot\Help\Working\reflection.nofilenames&quot;.
  XslTransform (v2020.3.6.0)
  Copyright c 2006-2020, Microsoft Corporation, All Rights Reserved.
  Portions Copyright c 2006-2020, Eric Woodruff, All Rights Reserved.
  Applying XSL transformation &#39;D:\Program Files (x86)\EWSoftware\Sandcastle Help File Builder\ProductionTransforms\AddFilenames.xsl&#39;.
  XslTransform (v2020.3.6.0)
  Copyright c 2006-2020, Microsoft Corporation, All Rights Reserved.
  Portions Copyright c 2006-2020, Eric Woodruff, All Rights Reserved.
  Applying XSL transformation &#39;D:\Program Files (x86)\EWSoftware\Sandcastle Help File Builder\ProductionTransforms\ReflectionToManifest.xsl&#39;.
Kompilowanie projektu &quot;D:\dot\Help\Working\TransformManifest.proj&quot; wykonane (domylne elementy docelowe).
    Last step completed in 00:00:00,5800
</buildStep>
<buildStep step="GenerateNamespaceSummaries">
Generating namespace summary information...
    Last step completed in 00:00:00,0120
</buildStep>
<buildStep step="CopyAdditionalContent">
Copying additional content files...
No additional content to copy
    Last step completed in 00:00:00,0020
</buildStep>
<buildStep step="MergeTablesOfContents">
Merging conceptual and additional tables of contents...
    Last step completed in 00:00:00,0000
</buildStep>
<buildStep step="GenerateIntermediateTableOfContents">
Generating intermediate table of contents file...
[C:\Program Files (x86)\Microsoft Visual Studio\2019\Community\MSBuild\Current\Bin\MSBuild.exe - GenerateIntermediateTOC.proj]
Kompilacja rozpocz&#169;a si&#169; 22.03.2020 16:42:13.
Projekt &quot;D:\dot\Help\Working\GenerateIntermediateTOC.proj&quot; w w&#169;&#171;le 1 (domylne elementy docelowe).
GenerateIntermediateTOC:
  XslTransform (v2020.3.6.0)
  Copyright c 2006-2020, Microsoft Corporation, All Rights Reserved.
  Portions Copyright c 2006-2020, Eric Woodruff, All Rights Reserved.
  Applying XSL transformation &#39;D:\Program Files (x86)\EWSoftware\Sandcastle Help File Builder\\ProductionTransforms\CreateVSToc.xsl&#39;.
Kompilowanie projektu &quot;D:\dot\Help\Working\GenerateIntermediateTOC.proj&quot; wykonane (domylne elementy docelowe).
Generating conceptual content intermediate TOC file...
    Last step completed in 00:00:00,2467
</buildStep>
<buildStep step="CreateBuildAssemblerConfigs">
Creating Sandcastle configuration files...
    sandcastle.config
    Last step completed in 00:00:00,2313
</buildStep>
<buildStep step="MergeCustomConfigs">
Merging custom build component configurations
D:\dot\Help\Working\sandcastle.config
  Updating reference topic configurations.
  No conceptual content.  Removing conceptual content components.
    Last step completed in 00:00:00,0030
</buildStep>
<buildStep step="BuildTopics">
Building help topics...
[C:\Program Files (x86)\Microsoft Visual Studio\2019\Community\MSBuild\Current\Bin\MSBuild.exe - BuildTopics.proj]
Kompilacja rozpocz&#169;a si&#169; 22.03.2020 16:42:13.
Projekt &quot;D:\dot\Help\Working\BuildTopics.proj&quot; w w&#169;&#171;le 1 (domylne elementy docelowe).
BuildTopics:
  BuildAssembler (v2020.3.6.0)
  Copyright c 2006-2020, Microsoft Corporation, All Rights Reserved.
  Portions Copyright c 2006-2020, Eric Woodruff, All Rights Reserved.
  Loading configuration...
  ResolveReferenceLinksComponent: The member ID URL cache &#39;C:\Users\Demon\AppData\Local\EWSoftware\Sandcastle Help File Builder\Cache\MemberIdUrl.cache&#39; does not exist yet.  All IDs will be looked up in this build which will slow it down.
  Processing topics...
BuildAssembler : warning : ShowMissingComponent: [N:DotNet_1] Missing &lt;summary&gt; documentation [D:\dot\Help\Working\BuildTopics.proj]
BuildAssembler : warning : ShowMissingComponent: [T:DotNet_1.Grid] Missing &lt;summary&gt; documentation [D:\dot\Help\Working\BuildTopics.proj]
BuildAssembler : warning : ShowMissingComponent: [F:DotNet_1.Grid.list] Missing &lt;summary&gt; documentation [D:\dot\Help\Working\BuildTopics.proj]
BuildAssembler : warning : ShowMissingComponent: [F:DotNet_1.Grid.X] Missing &lt;summary&gt; documentation [D:\dot\Help\Working\BuildTopics.proj]
BuildAssembler : warning : ShowMissingComponent: [F:DotNet_1.Grid.Y] Missing &lt;summary&gt; documentation [D:\dot\Help\Working\BuildTopics.proj]
BuildAssembler : warning : ShowMissingComponent: [T:DotNet_1.Start] Missing &lt;summary&gt; documentation [D:\dot\Help\Working\BuildTopics.proj]
BuildAssembler : warning : ShowMissingComponent: [T:DotNet_1.ZAD1] Missing &lt;summary&gt; documentation [D:\dot\Help\Working\BuildTopics.proj]
BuildAssembler : warning : ShowMissingComponent: [M:DotNet_1.ZAD1.splitIntoDigits_arith(System.Void)] Missing &lt;summary&gt; documentation [D:\dot\Help\Working\BuildTopics.proj]
BuildAssembler : warning : ShowMissingComponent: [M:DotNet_1.ZAD1.splitIntoDigits_arith(System.Void)] Missing &lt;returns&gt; documentation [D:\dot\Help\Working\BuildTopics.proj]
BuildAssembler : warning : ShowMissingComponent: [M:DotNet_1.ZAD1.splitIntoDigits_arith(System.Void)] Missing &lt;param name=&quot;x&quot;/&gt; documentation [D:\dot\Help\Working\BuildTopics.proj]
  Processed 24 topic(s)
  10 warning(s)
  CopyFromIndexComponent: &quot;reflection&quot; in-memory cache entries used: 3 of 15.
  CopyFromIndexComponent: &quot;comments&quot; in-memory cache entries used: 1 of 30.
  ResolveReferenceLinksComponent: 6 entries added to the member ID URL cache.  New cache size: 6 entries
Kompilowanie projektu &quot;D:\dot\Help\Working\BuildTopics.proj&quot; wykonane (domylne elementy docelowe).
    Last step completed in 00:00:14,8137
</buildStep>
<buildStep step="CombiningIntermediateTocFiles">
Combining conceptual and API intermediate TOC files...
    Last step completed in 00:00:00,0010
</buildStep>
<buildStep step="ExtractingHtmlInfo">
Extracting HTML info for HTML Help 1 and/or website...
[C:\Program Files (x86)\Microsoft Visual Studio\2019\Community\MSBuild\Current\Bin\MSBuild.exe - ExtractHtmlInfo.proj]
Sandcastle Help File Builder and Tools, version 2020.3.6.0
Copyright c 2006-2020, Eric Woodruff, All Rights Reserved
E-Mail: Eric@EWoodruff.us

Using LCID &#39;1033&#39;, code page &#39;65001&#39;, encoding charset &#39;UTF-8&#39;.

Processing website files in D:\dot\Help\Working\Output\Website
Processed 24 HTML files
Sorting keywords and generating See Also indices
Saving website keyword index to D:\dot\Help\Working\WebKI.xml
Saving website table of contents to D:\dot\Help\Working\WebTOC.xml
    Last step completed in 00:00:00,2587
</buildStep>
<buildStep step="CopyStandardHelpContent">
Copying standard help content...
D:\Program Files (x86)\EWSoftware\Sandcastle Help File Builder\PresentationStyles\VS2013\icons\AlertCaution.png -&gt; D:\dot\Help\Working\Output\MSHelpViewer\icons\AlertCaution.png
D:\Program Files (x86)\EWSoftware\Sandcastle Help File Builder\PresentationStyles\VS2013\icons\AlertNote.png -&gt; D:\dot\Help\Working\Output\MSHelpViewer\icons\AlertNote.png
D:\Program Files (x86)\EWSoftware\Sandcastle Help File Builder\PresentationStyles\VS2013\icons\AlertSecurity.png -&gt; D:\dot\Help\Working\Output\MSHelpViewer\icons\AlertSecurity.png
D:\Program Files (x86)\EWSoftware\Sandcastle Help File Builder\PresentationStyles\VS2013\icons\CFW.gif -&gt; D:\dot\Help\Working\Output\MSHelpViewer\icons\CFW.gif
D:\Program Files (x86)\EWSoftware\Sandcastle Help File Builder\PresentationStyles\VS2013\icons\CodeExample.png -&gt; D:\dot\Help\Working\Output\MSHelpViewer\icons\CodeExample.png
D:\Program Files (x86)\EWSoftware\Sandcastle Help File Builder\PresentationStyles\VS2013\icons\favicon.ico -&gt; D:\dot\Help\Working\Output\MSHelpViewer\icons\favicon.ico
D:\Program Files (x86)\EWSoftware\Sandcastle Help File Builder\PresentationStyles\VS2013\icons\privclass.gif -&gt; D:\dot\Help\Working\Output\MSHelpViewer\icons\privclass.gif
D:\Program Files (x86)\EWSoftware\Sandcastle Help File Builder\PresentationStyles\VS2013\icons\privdelegate.gif -&gt; D:\dot\Help\Working\Output\MSHelpViewer\icons\privdelegate.gif
D:\Program Files (x86)\EWSoftware\Sandcastle Help File Builder\PresentationStyles\VS2013\icons\privenumeration.gif -&gt; D:\dot\Help\Working\Output\MSHelpViewer\icons\privenumeration.gif
D:\Program Files (x86)\EWSoftware\Sandcastle Help File Builder\PresentationStyles\VS2013\icons\privevent.gif -&gt; D:\dot\Help\Working\Output\MSHelpViewer\icons\privevent.gif
D:\Program Files (x86)\EWSoftware\Sandcastle Help File Builder\PresentationStyles\VS2013\icons\privextension.gif -&gt; D:\dot\Help\Working\Output\MSHelpViewer\icons\privextension.gif
D:\Program Files (x86)\EWSoftware\Sandcastle Help File Builder\PresentationStyles\VS2013\icons\privfield.gif -&gt; D:\dot\Help\Working\Output\MSHelpViewer\icons\privfield.gif
D:\Program Files (x86)\EWSoftware\Sandcastle Help File Builder\PresentationStyles\VS2013\icons\privinterface.gif -&gt; D:\dot\Help\Working\Output\MSHelpViewer\icons\privinterface.gif
D:\Program Files (x86)\EWSoftware\Sandcastle Help File Builder\PresentationStyles\VS2013\icons\privmethod.gif -&gt; D:\dot\Help\Working\Output\MSHelpViewer\icons\privmethod.gif
D:\Program Files (x86)\EWSoftware\Sandcastle Help File Builder\PresentationStyles\VS2013\icons\privproperty.gif -&gt; D:\dot\Help\Working\Output\MSHelpViewer\icons\privproperty.gif
D:\Program Files (x86)\EWSoftware\Sandcastle Help File Builder\PresentationStyles\VS2013\icons\privstructure.gif -&gt; D:\dot\Help\Working\Output\MSHelpViewer\icons\privstructure.gif
D:\Program Files (x86)\EWSoftware\Sandcastle Help File Builder\PresentationStyles\VS2013\icons\protclass.gif -&gt; D:\dot\Help\Working\Output\MSHelpViewer\icons\protclass.gif
D:\Program Files (x86)\EWSoftware\Sandcastle Help File Builder\PresentationStyles\VS2013\icons\protdelegate.gif -&gt; D:\dot\Help\Working\Output\MSHelpViewer\icons\protdelegate.gif
D:\Program Files (x86)\EWSoftware\Sandcastle Help File Builder\PresentationStyles\VS2013\icons\protenumeration.gif -&gt; D:\dot\Help\Working\Output\MSHelpViewer\icons\protenumeration.gif
D:\Program Files (x86)\EWSoftware\Sandcastle Help File Builder\PresentationStyles\VS2013\icons\protevent.gif -&gt; D:\dot\Help\Working\Output\MSHelpViewer\icons\protevent.gif
D:\Program Files (x86)\EWSoftware\Sandcastle Help File Builder\PresentationStyles\VS2013\icons\protextension.gif -&gt; D:\dot\Help\Working\Output\MSHelpViewer\icons\protextension.gif
D:\Program Files (x86)\EWSoftware\Sandcastle Help File Builder\PresentationStyles\VS2013\icons\protfield.gif -&gt; D:\dot\Help\Working\Output\MSHelpViewer\icons\protfield.gif
D:\Program Files (x86)\EWSoftware\Sandcastle Help File Builder\PresentationStyles\VS2013\icons\protinterface.gif -&gt; D:\dot\Help\Working\Output\MSHelpViewer\icons\protinterface.gif
D:\Program Files (x86)\EWSoftware\Sandcastle Help File Builder\PresentationStyles\VS2013\icons\protmethod.gif -&gt; D:\dot\Help\Working\Output\MSHelpViewer\icons\protmethod.gif
D:\Program Files (x86)\EWSoftware\Sandcastle Help File Builder\PresentationStyles\VS2013\icons\protoperator.gif -&gt; D:\dot\Help\Working\Output\MSHelpViewer\icons\protoperator.gif
D:\Program Files (x86)\EWSoftware\Sandcastle Help File Builder\PresentationStyles\VS2013\icons\protproperty.gif -&gt; D:\dot\Help\Working\Output\MSHelpViewer\icons\protproperty.gif
D:\Program Files (x86)\EWSoftware\Sandcastle Help File Builder\PresentationStyles\VS2013\icons\protstructure.gif -&gt; D:\dot\Help\Working\Output\MSHelpViewer\icons\protstructure.gif
D:\Program Files (x86)\EWSoftware\Sandcastle Help File Builder\PresentationStyles\VS2013\icons\pubclass.gif -&gt; D:\dot\Help\Working\Output\MSHelpViewer\icons\pubclass.gif
D:\Program Files (x86)\EWSoftware\Sandcastle Help File Builder\PresentationStyles\VS2013\icons\pubdelegate.gif -&gt; D:\dot\Help\Working\Output\MSHelpViewer\icons\pubdelegate.gif
D:\Program Files (x86)\EWSoftware\Sandcastle Help File Builder\PresentationStyles\VS2013\icons\pubenumeration.gif -&gt; D:\dot\Help\Working\Output\MSHelpViewer\icons\pubenumeration.gif
D:\Program Files (x86)\EWSoftware\Sandcastle Help File Builder\PresentationStyles\VS2013\icons\pubevent.gif -&gt; D:\dot\Help\Working\Output\MSHelpViewer\icons\pubevent.gif
D:\Program Files (x86)\EWSoftware\Sandcastle Help File Builder\PresentationStyles\VS2013\icons\pubextension.gif -&gt; D:\dot\Help\Working\Output\MSHelpViewer\icons\pubextension.gif
D:\Program Files (x86)\EWSoftware\Sandcastle Help File Builder\PresentationStyles\VS2013\icons\pubfield.gif -&gt; D:\dot\Help\Working\Output\MSHelpViewer\icons\pubfield.gif
D:\Program Files (x86)\EWSoftware\Sandcastle Help File Builder\PresentationStyles\VS2013\icons\pubinterface.gif -&gt; D:\dot\Help\Working\Output\MSHelpViewer\icons\pubinterface.gif
D:\Program Files (x86)\EWSoftware\Sandcastle Help File Builder\PresentationStyles\VS2013\icons\pubmethod.gif -&gt; D:\dot\Help\Working\Output\MSHelpViewer\icons\pubmethod.gif
D:\Program Files (x86)\EWSoftware\Sandcastle Help File Builder\PresentationStyles\VS2013\icons\puboperator.gif -&gt; D:\dot\Help\Working\Output\MSHelpViewer\icons\puboperator.gif
D:\Program Files (x86)\EWSoftware\Sandcastle Help File Builder\PresentationStyles\VS2013\icons\pubproperty.gif -&gt; D:\dot\Help\Working\Output\MSHelpViewer\icons\pubproperty.gif
D:\Program Files (x86)\EWSoftware\Sandcastle Help File Builder\PresentationStyles\VS2013\icons\pubstructure.gif -&gt; D:\dot\Help\Working\Output\MSHelpViewer\icons\pubstructure.gif
D:\Program Files (x86)\EWSoftware\Sandcastle Help File Builder\PresentationStyles\VS2013\icons\SectionCollapsed.png -&gt; D:\dot\Help\Working\Output\MSHelpViewer\icons\SectionCollapsed.png
D:\Program Files (x86)\EWSoftware\Sandcastle Help File Builder\PresentationStyles\VS2013\icons\SectionExpanded.png -&gt; D:\dot\Help\Working\Output\MSHelpViewer\icons\SectionExpanded.png
D:\Program Files (x86)\EWSoftware\Sandcastle Help File Builder\PresentationStyles\VS2013\icons\slMobile.gif -&gt; D:\dot\Help\Working\Output\MSHelpViewer\icons\slMobile.gif
D:\Program Files (x86)\EWSoftware\Sandcastle Help File Builder\PresentationStyles\VS2013\icons\static.gif -&gt; D:\dot\Help\Working\Output\MSHelpViewer\icons\static.gif
D:\Program Files (x86)\EWSoftware\Sandcastle Help File Builder\PresentationStyles\VS2013\icons\xna.gif -&gt; D:\dot\Help\Working\Output\MSHelpViewer\icons\xna.gif
D:\Program Files (x86)\EWSoftware\Sandcastle Help File Builder\PresentationStyles\VS2013\scripts\branding.js -&gt; D:\dot\Help\Working\Output\MSHelpViewer\scripts\branding.js
D:\Program Files (x86)\EWSoftware\Sandcastle Help File Builder\PresentationStyles\VS2013\styles\branding-cs-CZ.css -&gt; D:\dot\Help\Working\Output\MSHelpViewer\styles\branding-cs-CZ.css
D:\Program Files (x86)\EWSoftware\Sandcastle Help File Builder\PresentationStyles\VS2013\styles\branding-de-DE.css -&gt; D:\dot\Help\Working\Output\MSHelpViewer\styles\branding-de-DE.css
D:\Program Files (x86)\EWSoftware\Sandcastle Help File Builder\PresentationStyles\VS2013\styles\branding-en-US.css -&gt; D:\dot\Help\Working\Output\MSHelpViewer\styles\branding-en-US.css
D:\Program Files (x86)\EWSoftware\Sandcastle Help File Builder\PresentationStyles\VS2013\styles\branding-es-ES.css -&gt; D:\dot\Help\Working\Output\MSHelpViewer\styles\branding-es-ES.css
D:\Program Files (x86)\EWSoftware\Sandcastle Help File Builder\PresentationStyles\VS2013\styles\branding-fr-FR.css -&gt; D:\dot\Help\Working\Output\MSHelpViewer\styles\branding-fr-FR.css
D:\Program Files (x86)\EWSoftware\Sandcastle Help File Builder\PresentationStyles\VS2013\styles\branding-Help1.css -&gt; D:\dot\Help\Working\Output\MSHelpViewer\styles\branding-Help1.css
D:\Program Files (x86)\EWSoftware\Sandcastle Help File Builder\PresentationStyles\VS2013\styles\branding-HelpViewer.css -&gt; D:\dot\Help\Working\Output\MSHelpViewer\styles\branding-HelpViewer.css
D:\Program Files (x86)\EWSoftware\Sandcastle Help File Builder\PresentationStyles\VS2013\styles\branding-it-IT.css -&gt; D:\dot\Help\Working\Output\MSHelpViewer\styles\branding-it-IT.css
D:\Program Files (x86)\EWSoftware\Sandcastle Help File Builder\PresentationStyles\VS2013\styles\branding-ja-JP.css -&gt; D:\dot\Help\Working\Output\MSHelpViewer\styles\branding-ja-JP.css
D:\Program Files (x86)\EWSoftware\Sandcastle Help File Builder\PresentationStyles\VS2013\styles\branding-ko-KR.css -&gt; D:\dot\Help\Working\Output\MSHelpViewer\styles\branding-ko-KR.css
D:\Program Files (x86)\EWSoftware\Sandcastle Help File Builder\PresentationStyles\VS2013\styles\branding-pl-PL.css -&gt; D:\dot\Help\Working\Output\MSHelpViewer\styles\branding-pl-PL.css
D:\Program Files (x86)\EWSoftware\Sandcastle Help File Builder\PresentationStyles\VS2013\styles\branding-pt-BR.css -&gt; D:\dot\Help\Working\Output\MSHelpViewer\styles\branding-pt-BR.css
D:\Program Files (x86)\EWSoftware\Sandcastle Help File Builder\PresentationStyles\VS2013\styles\branding-ru-RU.css -&gt; D:\dot\Help\Working\Output\MSHelpViewer\styles\branding-ru-RU.css
D:\Program Files (x86)\EWSoftware\Sandcastle Help File Builder\PresentationStyles\VS2013\styles\branding-tr-TR.css -&gt; D:\dot\Help\Working\Output\MSHelpViewer\styles\branding-tr-TR.css
D:\Program Files (x86)\EWSoftware\Sandcastle Help File Builder\PresentationStyles\VS2013\styles\branding-Website.css -&gt; D:\dot\Help\Working\Output\MSHelpViewer\styles\branding-Website.css
D:\Program Files (x86)\EWSoftware\Sandcastle Help File Builder\PresentationStyles\VS2013\styles\branding-zh-CN.css -&gt; D:\dot\Help\Working\Output\MSHelpViewer\styles\branding-zh-CN.css
D:\Program Files (x86)\EWSoftware\Sandcastle Help File Builder\PresentationStyles\VS2013\styles\branding-zh-TW.css -&gt; D:\dot\Help\Working\Output\MSHelpViewer\styles\branding-zh-TW.css
D:\Program Files (x86)\EWSoftware\Sandcastle Help File Builder\PresentationStyles\VS2013\styles\branding.css -&gt; D:\dot\Help\Working\Output\MSHelpViewer\styles\branding.css
D:\Program Files (x86)\EWSoftware\Sandcastle Help File Builder\PresentationStyles\VS2013\icons\AlertCaution.png -&gt; D:\dot\Help\Working\Output\Website\icons\AlertCaution.png
D:\Program Files (x86)\EWSoftware\Sandcastle Help File Builder\PresentationStyles\VS2013\icons\AlertNote.png -&gt; D:\dot\Help\Working\Output\Website\icons\AlertNote.png
D:\Program Files (x86)\EWSoftware\Sandcastle Help File Builder\PresentationStyles\VS2013\icons\AlertSecurity.png -&gt; D:\dot\Help\Working\Output\Website\icons\AlertSecurity.png
D:\Program Files (x86)\EWSoftware\Sandcastle Help File Builder\PresentationStyles\VS2013\icons\CFW.gif -&gt; D:\dot\Help\Working\Output\Website\icons\CFW.gif
D:\Program Files (x86)\EWSoftware\Sandcastle Help File Builder\PresentationStyles\VS2013\icons\CodeExample.png -&gt; D:\dot\Help\Working\Output\Website\icons\CodeExample.png
D:\Program Files (x86)\EWSoftware\Sandcastle Help File Builder\PresentationStyles\VS2013\icons\favicon.ico -&gt; D:\dot\Help\Working\Output\Website\icons\favicon.ico
D:\Program Files (x86)\EWSoftware\Sandcastle Help File Builder\PresentationStyles\VS2013\icons\privclass.gif -&gt; D:\dot\Help\Working\Output\Website\icons\privclass.gif
D:\Program Files (x86)\EWSoftware\Sandcastle Help File Builder\PresentationStyles\VS2013\icons\privdelegate.gif -&gt; D:\dot\Help\Working\Output\Website\icons\privdelegate.gif
D:\Program Files (x86)\EWSoftware\Sandcastle Help File Builder\PresentationStyles\VS2013\icons\privenumeration.gif -&gt; D:\dot\Help\Working\Output\Website\icons\privenumeration.gif
D:\Program Files (x86)\EWSoftware\Sandcastle Help File Builder\PresentationStyles\VS2013\icons\privevent.gif -&gt; D:\dot\Help\Working\Output\Website\icons\privevent.gif
D:\Program Files (x86)\EWSoftware\Sandcastle Help File Builder\PresentationStyles\VS2013\icons\privextension.gif -&gt; D:\dot\Help\Working\Output\Website\icons\privextension.gif
D:\Program Files (x86)\EWSoftware\Sandcastle Help File Builder\PresentationStyles\VS2013\icons\privfield.gif -&gt; D:\dot\Help\Working\Output\Website\icons\privfield.gif
D:\Program Files (x86)\EWSoftware\Sandcastle Help File Builder\PresentationStyles\VS2013\icons\privinterface.gif -&gt; D:\dot\Help\Working\Output\Website\icons\privinterface.gif
D:\Program Files (x86)\EWSoftware\Sandcastle Help File Builder\PresentationStyles\VS2013\icons\privmethod.gif -&gt; D:\dot\Help\Working\Output\Website\icons\privmethod.gif
D:\Program Files (x86)\EWSoftware\Sandcastle Help File Builder\PresentationStyles\VS2013\icons\privproperty.gif -&gt; D:\dot\Help\Working\Output\Website\icons\privproperty.gif
D:\Program Files (x86)\EWSoftware\Sandcastle Help File Builder\PresentationStyles\VS2013\icons\privstructure.gif -&gt; D:\dot\Help\Working\Output\Website\icons\privstructure.gif
D:\Program Files (x86)\EWSoftware\Sandcastle Help File Builder\PresentationStyles\VS2013\icons\protclass.gif -&gt; D:\dot\Help\Working\Output\Website\icons\protclass.gif
D:\Program Files (x86)\EWSoftware\Sandcastle Help File Builder\PresentationStyles\VS2013\icons\protdelegate.gif -&gt; D:\dot\Help\Working\Output\Website\icons\protdelegate.gif
D:\Program Files (x86)\EWSoftware\Sandcastle Help File Builder\PresentationStyles\VS2013\icons\protenumeration.gif -&gt; D:\dot\Help\Working\Output\Website\icons\protenumeration.gif
D:\Program Files (x86)\EWSoftware\Sandcastle Help File Builder\PresentationStyles\VS2013\icons\protevent.gif -&gt; D:\dot\Help\Working\Output\Website\icons\protevent.gif
D:\Program Files (x86)\EWSoftware\Sandcastle Help File Builder\PresentationStyles\VS2013\icons\protextension.gif -&gt; D:\dot\Help\Working\Output\Website\icons\protextension.gif
D:\Program Files (x86)\EWSoftware\Sandcastle Help File Builder\PresentationStyles\VS2013\icons\protfield.gif -&gt; D:\dot\Help\Working\Output\Website\icons\protfield.gif
D:\Program Files (x86)\EWSoftware\Sandcastle Help File Builder\PresentationStyles\VS2013\icons\protinterface.gif -&gt; D:\dot\Help\Working\Output\Website\icons\protinterface.gif
D:\Program Files (x86)\EWSoftware\Sandcastle Help File Builder\PresentationStyles\VS2013\icons\protmethod.gif -&gt; D:\dot\Help\Working\Output\Website\icons\protmethod.gif
D:\Program Files (x86)\EWSoftware\Sandcastle Help File Builder\PresentationStyles\VS2013\icons\protoperator.gif -&gt; D:\dot\Help\Working\Output\Website\icons\protoperator.gif
D:\Program Files (x86)\EWSoftware\Sandcastle Help File Builder\PresentationStyles\VS2013\icons\protproperty.gif -&gt; D:\dot\Help\Working\Output\Website\icons\protproperty.gif
D:\Program Files (x86)\EWSoftware\Sandcastle Help File Builder\PresentationStyles\VS2013\icons\protstructure.gif -&gt; D:\dot\Help\Working\Output\Website\icons\protstructure.gif
D:\Program Files (x86)\EWSoftware\Sandcastle Help File Builder\PresentationStyles\VS2013\icons\pubclass.gif -&gt; D:\dot\Help\Working\Output\Website\icons\pubclass.gif
D:\Program Files (x86)\EWSoftware\Sandcastle Help File Builder\PresentationStyles\VS2013\icons\pubdelegate.gif -&gt; D:\dot\Help\Working\Output\Website\icons\pubdelegate.gif
D:\Program Files (x86)\EWSoftware\Sandcastle Help File Builder\PresentationStyles\VS2013\icons\pubenumeration.gif -&gt; D:\dot\Help\Working\Output\Website\icons\pubenumeration.gif
D:\Program Files (x86)\EWSoftware\Sandcastle Help File Builder\PresentationStyles\VS2013\icons\pubevent.gif -&gt; D:\dot\Help\Working\Output\Website\icons\pubevent.gif
D:\Program Files (x86)\EWSoftware\Sandcastle Help File Builder\PresentationStyles\VS2013\icons\pubextension.gif -&gt; D:\dot\Help\Working\Output\Website\icons\pubextension.gif
D:\Program Files (x86)\EWSoftware\Sandcastle Help File Builder\PresentationStyles\VS2013\icons\pubfield.gif -&gt; D:\dot\Help\Working\Output\Website\icons\pubfield.gif
D:\Program Files (x86)\EWSoftware\Sandcastle Help File Builder\PresentationStyles\VS2013\icons\pubinterface.gif -&gt; D:\dot\Help\Working\Output\Website\icons\pubinterface.gif
D:\Program Files (x86)\EWSoftware\Sandcastle Help File Builder\PresentationStyles\VS2013\icons\pubmethod.gif -&gt; D:\dot\Help\Working\Output\Website\icons\pubmethod.gif
D:\Program Files (x86)\EWSoftware\Sandcastle Help File Builder\PresentationStyles\VS2013\icons\puboperator.gif -&gt; D:\dot\Help\Working\Output\Website\icons\puboperator.gif
D:\Program Files (x86)\EWSoftware\Sandcastle Help File Builder\PresentationStyles\VS2013\icons\pubproperty.gif -&gt; D:\dot\Help\Working\Output\Website\icons\pubproperty.gif
D:\Program Files (x86)\EWSoftware\Sandcastle Help File Builder\PresentationStyles\VS2013\icons\pubstructure.gif -&gt; D:\dot\Help\Working\Output\Website\icons\pubstructure.gif
D:\Program Files (x86)\EWSoftware\Sandcastle Help File Builder\PresentationStyles\VS2013\icons\SectionCollapsed.png -&gt; D:\dot\Help\Working\Output\Website\icons\SectionCollapsed.png
D:\Program Files (x86)\EWSoftware\Sandcastle Help File Builder\PresentationStyles\VS2013\icons\SectionExpanded.png -&gt; D:\dot\Help\Working\Output\Website\icons\SectionExpanded.png
D:\Program Files (x86)\EWSoftware\Sandcastle Help File Builder\PresentationStyles\VS2013\icons\slMobile.gif -&gt; D:\dot\Help\Working\Output\Website\icons\slMobile.gif
D:\Program Files (x86)\EWSoftware\Sandcastle Help File Builder\PresentationStyles\VS2013\icons\static.gif -&gt; D:\dot\Help\Working\Output\Website\icons\static.gif
D:\Program Files (x86)\EWSoftware\Sandcastle Help File Builder\PresentationStyles\VS2013\icons\xna.gif -&gt; D:\dot\Help\Working\Output\Website\icons\xna.gif
D:\Program Files (x86)\EWSoftware\Sandcastle Help File Builder\PresentationStyles\VS2013\scripts\branding.js -&gt; D:\dot\Help\Working\Output\Website\scripts\branding.js
D:\Program Files (x86)\EWSoftware\Sandcastle Help File Builder\PresentationStyles\VS2013\styles\branding-cs-CZ.css -&gt; D:\dot\Help\Working\Output\Website\styles\branding-cs-CZ.css
D:\Program Files (x86)\EWSoftware\Sandcastle Help File Builder\PresentationStyles\VS2013\styles\branding-de-DE.css -&gt; D:\dot\Help\Working\Output\Website\styles\branding-de-DE.css
D:\Program Files (x86)\EWSoftware\Sandcastle Help File Builder\PresentationStyles\VS2013\styles\branding-en-US.css -&gt; D:\dot\Help\Working\Output\Website\styles\branding-en-US.css
D:\Program Files (x86)\EWSoftware\Sandcastle Help File Builder\PresentationStyles\VS2013\styles\branding-es-ES.css -&gt; D:\dot\Help\Working\Output\Website\styles\branding-es-ES.css
D:\Program Files (x86)\EWSoftware\Sandcastle Help File Builder\PresentationStyles\VS2013\styles\branding-fr-FR.css -&gt; D:\dot\Help\Working\Output\Website\styles\branding-fr-FR.css
D:\Program Files (x86)\EWSoftware\Sandcastle Help File Builder\PresentationStyles\VS2013\styles\branding-Help1.css -&gt; D:\dot\Help\Working\Output\Website\styles\branding-Help1.css
D:\Program Files (x86)\EWSoftware\Sandcastle Help File Builder\PresentationStyles\VS2013\styles\branding-HelpViewer.css -&gt; D:\dot\Help\Working\Output\Website\styles\branding-HelpViewer.css
D:\Program Files (x86)\EWSoftware\Sandcastle Help File Builder\PresentationStyles\VS2013\styles\branding-it-IT.css -&gt; D:\dot\Help\Working\Output\Website\styles\branding-it-IT.css
D:\Program Files (x86)\EWSoftware\Sandcastle Help File Builder\PresentationStyles\VS2013\styles\branding-ja-JP.css -&gt; D:\dot\Help\Working\Output\Website\styles\branding-ja-JP.css
D:\Program Files (x86)\EWSoftware\Sandcastle Help File Builder\PresentationStyles\VS2013\styles\branding-ko-KR.css -&gt; D:\dot\Help\Working\Output\Website\styles\branding-ko-KR.css
D:\Program Files (x86)\EWSoftware\Sandcastle Help File Builder\PresentationStyles\VS2013\styles\branding-pl-PL.css -&gt; D:\dot\Help\Working\Output\Website\styles\branding-pl-PL.css
D:\Program Files (x86)\EWSoftware\Sandcastle Help File Builder\PresentationStyles\VS2013\styles\branding-pt-BR.css -&gt; D:\dot\Help\Working\Output\Website\styles\branding-pt-BR.css
D:\Program Files (x86)\EWSoftware\Sandcastle Help File Builder\PresentationStyles\VS2013\styles\branding-ru-RU.css -&gt; D:\dot\Help\Working\Output\Website\styles\branding-ru-RU.css
D:\Program Files (x86)\EWSoftware\Sandcastle Help File Builder\PresentationStyles\VS2013\styles\branding-tr-TR.css -&gt; D:\dot\Help\Working\Output\Website\styles\branding-tr-TR.css
D:\Program Files (x86)\EWSoftware\Sandcastle Help File Builder\PresentationStyles\VS2013\styles\branding-Website.css -&gt; D:\dot\Help\Working\Output\Website\styles\branding-Website.css
D:\Program Files (x86)\EWSoftware\Sandcastle Help File Builder\PresentationStyles\VS2013\styles\branding-zh-CN.css -&gt; D:\dot\Help\Working\Output\Website\styles\branding-zh-CN.css
D:\Program Files (x86)\EWSoftware\Sandcastle Help File Builder\PresentationStyles\VS2013\styles\branding-zh-TW.css -&gt; D:\dot\Help\Working\Output\Website\styles\branding-zh-TW.css
D:\Program Files (x86)\EWSoftware\Sandcastle Help File Builder\PresentationStyles\VS2013\styles\branding.css -&gt; D:\dot\Help\Working\Output\Website\styles\branding.css
D:\Program Files (x86)\EWSoftware\Sandcastle Help File Builder\PresentationStyles\VS2013\Web\index.html -&gt; D:\dot\Help\Working\Output\Website\index.html
D:\Program Files (x86)\EWSoftware\Sandcastle Help File Builder\PresentationStyles\VS2013\Web\search.html -&gt; D:\dot\Help\Working\Output\Website\search.html
D:\Program Files (x86)\EWSoftware\Sandcastle Help File Builder\PresentationStyles\VS2013\Web\SearchHelp.aspx -&gt; D:\dot\Help\Working\Output\Website\SearchHelp.aspx
D:\Program Files (x86)\EWSoftware\Sandcastle Help File Builder\PresentationStyles\VS2013\Web\SearchHelp.inc.php -&gt; D:\dot\Help\Working\Output\Website\SearchHelp.inc.php
D:\Program Files (x86)\EWSoftware\Sandcastle Help File Builder\PresentationStyles\VS2013\Web\SearchHelp.php -&gt; D:\dot\Help\Working\Output\Website\SearchHelp.php
D:\Program Files (x86)\EWSoftware\Sandcastle Help File Builder\PresentationStyles\VS2013\Web\Web.Config -&gt; D:\dot\Help\Working\Output\Website\Web.Config
D:\Program Files (x86)\EWSoftware\Sandcastle Help File Builder\PresentationStyles\VS2013\Web\html\GeneralError.htm -&gt; D:\dot\Help\Working\Output\Website\html\GeneralError.htm
D:\Program Files (x86)\EWSoftware\Sandcastle Help File Builder\PresentationStyles\VS2013\Web\html\PageNotFound.htm -&gt; D:\dot\Help\Working\Output\Website\html\PageNotFound.htm
D:\Program Files (x86)\EWSoftware\Sandcastle Help File Builder\PresentationStyles\VS2013\Web\icons\Search.png -&gt; D:\dot\Help\Working\Output\Website\icons\Search.png
D:\Program Files (x86)\EWSoftware\Sandcastle Help File Builder\PresentationStyles\VS2013\Web\icons\TocClose.gif -&gt; D:\dot\Help\Working\Output\Website\icons\TocClose.gif
D:\Program Files (x86)\EWSoftware\Sandcastle Help File Builder\PresentationStyles\VS2013\Web\icons\TocCollapsed.gif -&gt; D:\dot\Help\Working\Output\Website\icons\TocCollapsed.gif
D:\Program Files (x86)\EWSoftware\Sandcastle Help File Builder\PresentationStyles\VS2013\Web\icons\TocExpanded.gif -&gt; D:\dot\Help\Working\Output\Website\icons\TocExpanded.gif
D:\Program Files (x86)\EWSoftware\Sandcastle Help File Builder\PresentationStyles\VS2013\Web\icons\TocOpen.gif -&gt; D:\dot\Help\Working\Output\Website\icons\TocOpen.gif
D:\Program Files (x86)\EWSoftware\Sandcastle Help File Builder\PresentationStyles\VS2013\Web\scripts\branding-Website.js -&gt; D:\dot\Help\Working\Output\Website\scripts\branding-Website.js
D:\Program Files (x86)\EWSoftware\Sandcastle Help File Builder\PresentationStyles\VS2013\Web\scripts\clipboard.min.js -&gt; D:\dot\Help\Working\Output\Website\scripts\clipboard.min.js
D:\Program Files (x86)\EWSoftware\Sandcastle Help File Builder\PresentationStyles\VS2013\Web\scripts\jquery-3.3.1.min.js -&gt; D:\dot\Help\Working\Output\Website\scripts\jquery-3.3.1.min.js
    Last step completed in 00:00:00,5557
</buildStep>
<buildStep step="GenerateHelpFormatTableOfContents">
Executing informational Generate Table of Contents build step for plug-ins (not used for MS Help Viewer)
    Last step completed in 00:00:00,0000
</buildStep>
<buildStep step="GenerateHelpProject">
Executing informational Generate Help Project build step for plug-ins (not used for MS Help Viewer)
    Last step completed in 00:00:00,0000
</buildStep>
<buildStep step="CompilingHelpFile">
Generating MS Help Viewer file...
[C:\Program Files (x86)\Microsoft Visual Studio\2019\Community\MSBuild\Current\Bin\MSBuild.exe - BuildHelpViewerFile.proj]
  Compressing help content files...
  Compression finished.  91 items added
  Saving D:\dot\Help\Tytu pliku pomocy.mshc...
  Finished saving D:\dot\Help\Tytu pliku pomocy.mshc
  Compressed 4 folders, 87 files.  Reduced size by 136˙033 bytes (63%).
    Last step completed in 00:00:00,4060
</buildStep>
<buildStep step="GenerateHelpFormatTableOfContents">
Generating website table of contents file...
    Last step completed in 00:00:00,0010
</buildStep>
<buildStep step="GenerateFullTextIndex">
Generating full-text index for the website...

<plugIn name="Lightweight Website Style" behavior="After" priority="1000">
Adding lightweight search and TOC elements to each topic...
</plugIn>    Last step completed in 00:00:00,0399
</buildStep>
<buildStep step="CopyingWebsiteFiles">
Copying website files to output folder...

Copied 137 files for the website content
    Last step completed in 00:00:00,0469
</buildStep>
<buildStep step="CleanIntermediates">
Removing intermediate files...
    Last step completed in 00:00:00,0160
</buildStep>
<buildStep step="Completed">

Build completed successfully at 22.03.2020 16:42:29.  Total time: 00:00:19,7995

</buildStep>
</shfbBuild>
